2020-06-12 14:59:25.768 [qtp385242642-23] INFO  com.joev.util.SimpleJsonDb: readTable(): Reading from: /tmp/db/DB_Passenger_Passengers.json
2020-06-12 15:33:32.295 [qtp385242642-23] INFO  com.joev.util.SimpleJsonDb: readTable(): Reading from: /tmp/db/DB_Passenger_Passengers.json
2020-06-12 15:33:37.908 [qtp385242642-14] INFO  com.joev.ridesharing.PassengerDb: Reading Passenger with id: 101
2020-06-12 15:33:37.909 [qtp385242642-14] INFO  com.joev.util.SimpleJsonDb: readTable(): Reading from: /tmp/db/DB_Passenger_Passengers.json
2020-06-12 15:33:41.939 [qtp385242642-13] INFO  com.joev.util.SimpleJsonDb: readTable(): Reading from: /tmp/db/DB_Passenger_Passengers.json
2020-06-12 15:50:35.093 [qtp385242642-25] INFO  com.joev.util.SimpleJsonDb: readTable(): Reading from: /tmp/db/DB_Passenger_Passengers.json
2020-06-12 15:52:34.172 [qtp385242642-26] INFO  com.joev.util.SimpleJsonDb: readTable(): Reading from: /tmp/db/DB_Passenger_Passengers.json
2020-06-12 15:52:54.078 [qtp385242642-12] INFO  com.joev.ridesharing.PassengerDb: Creating Passenger with: com.joev.ridesharing.AutoValue_Passenger$Builder@1b1f7e40
2020-06-12 15:52:54.079 [qtp385242642-12] INFO  com.joev.util.SimpleJsonDb: readTable(): Reading from: /tmp/db/DB_Passenger_Metadata.json
2020-06-12 15:52:54.087 [qtp385242642-12] INFO  com.joev.util.SimpleJsonDb: writeTable(): Writing to: /tmp/db/DB_Passenger_Metadata.json
2020-06-12 15:52:54.097 [qtp385242642-12] INFO  com.joev.ridesharing.PassengerDb: Assigned next available id: 108
2020-06-12 15:52:54.098 [qtp385242642-12] INFO  com.joev.util.SimpleJsonDb: readTable(): Reading from: /tmp/db/DB_Passenger_Passengers.json
2020-06-12 15:52:54.098 [qtp385242642-12] INFO  com.joev.util.SimpleJsonDb: writeTable(): Writing to: /tmp/db/DB_Passenger_Passengers.json
2020-06-12 15:52:54.104 [qtp385242642-16] INFO  com.joev.util.SimpleJsonDb: readTable(): Reading from: /tmp/db/DB_Passenger_Passengers.json
2020-06-12 15:53:05.087 [qtp385242642-24] INFO  com.joev.util.SimpleJsonDb: readTable(): Reading from: /tmp/db/DB_Passenger_Passengers.json
2020-06-12 15:53:16.558 [qtp385242642-19] INFO  com.joev.ridesharing.PassengerDb: Creating Passenger with: com.joev.ridesharing.AutoValue_Passenger$Builder@27efcb61
2020-06-12 15:53:16.559 [qtp385242642-19] INFO  com.joev.util.SimpleJsonDb: readTable(): Reading from: /tmp/db/DB_Passenger_Metadata.json
2020-06-12 15:53:16.560 [qtp385242642-19] INFO  com.joev.util.SimpleJsonDb: writeTable(): Writing to: /tmp/db/DB_Passenger_Metadata.json
2020-06-12 15:53:16.561 [qtp385242642-19] INFO  com.joev.ridesharing.PassengerDb: Assigned next available id: 109
2020-06-12 15:53:16.562 [qtp385242642-19] INFO  com.joev.util.SimpleJsonDb: readTable(): Reading from: /tmp/db/DB_Passenger_Passengers.json
2020-06-12 15:53:16.563 [qtp385242642-19] INFO  com.joev.util.SimpleJsonDb: writeTable(): Writing to: /tmp/db/DB_Passenger_Passengers.json
2020-06-12 15:53:16.569 [qtp385242642-17] INFO  com.joev.util.SimpleJsonDb: readTable(): Reading from: /tmp/db/DB_Passenger_Passengers.json
